# JRE version: OpenJDK Runtime Environment Temurin-23.0.1+11 (23.0.1+11) (build 23.0.1+11)
# Java VM: OpenJDK 64-Bit Server VM Temurin-23.0.1+11 (23.0.1+11, mixed mode, sharing, tiered, compressed oops, compressed class ptrs, g1 gc, bsd-amd64)
Heap:
 garbage-first heap   total reserved 4194304K, committed 921600K, used 518041K [0x0000000700000000, 0x0000000800000000)
  region size 2048K, 62 young (126976K), 1 survivors (2048K)
 Metaspace       used 8356K, committed 8640K, reserved 1114112K
  class space    used 865K, committed 960K, reserved 1048576K
GC Heap History (20 events):
Event: 877.136 GC heap before
{Heap before GC invocations=960 (full 0):
 garbage-first heap   total reserved 4194304K, committed 921600K, used 545681K [0x0000000700000000, 0x0000000800000000)
  region size 2048K, 68 young (139264K), 1 survivors (2048K)
 Metaspace       used 8356K, committed 8640K, reserved 1114112K
  class space    used 865K, committed 960K, reserved 1048576K
}
Event: 877.142 GC heap after
{Heap after GC invocations=961 (full 0):
 garbage-first heap   total reserved 4194304K, committed 921600K, used 295833K [0x0000000700000000, 0x0000000800000000)
  region size 2048K, 1 young (2048K), 1 survivors (2048K)
 Metaspace       used 8356K, committed 8640K, reserved 1114112K
  class space    used 865K, committed 960K, reserved 1048576K
}
Event: 877.831 GC heap before
{Heap before GC invocations=961 (full 0):
 garbage-first heap   total reserved 4194304K, committed 921600K, used 496537K [0x0000000700000000, 0x0000000800000000)
  region size 2048K, 44 young (90112K), 1 survivors (2048K)
 Metaspace       used 8356K, committed 8640K, reserved 1114112K
  class space    used 865K, committed 960K, reserved 1048576K
}
Event: 877.835 GC heap after
{Heap after GC invocations=962 (full 0):
 garbage-first heap   total reserved 4194304K, committed 921600K, used 234393K [0x0000000700000000, 0x0000000800000000)
  region size 2048K, 1 young (2048K), 1 survivors (2048K)
 Metaspace       used 8356K, committed 8640K, reserved 1114112K
  class space    used 865K, committed 960K, reserved 1048576K
}
Event: 879.196 GC heap before
{Heap before GC invocations=962 (full 0):
 garbage-first heap   total reserved 4194304K, committed 921600K, used 545689K [0x0000000700000000, 0x0000000800000000)
  region size 2048K, 68 young (139264K), 1 survivors (2048K)
 Metaspace       used 8356K, committed 8640K, reserved 1114112K
  class space    used 865K, committed 960K, reserved 1048576K
}
Event: 879.202 GC heap after
{Heap after GC invocations=963 (full 0):
 garbage-first heap   total reserved 4194304K, committed 921600K, used 295831K [0x0000000700000000, 0x0000000800000000)
  region size 2048K, 1 young (2048K), 1 survivors (2048K)
 Metaspace       used 8356K, committed 8640K, reserved 1114112K
  class space    used 865K, committed 960K, reserved 1048576K
}
Event: 882.253 GC heap before
{Heap before GC invocations=963 (full 0):
 garbage-first heap   total reserved 4194304K, committed 921600K, used 498583K [0x0000000700000000, 0x0000000800000000)
  region size 2048K, 45 young (92160K), 1 survivors (2048K)
 Metaspace       used 8356K, committed 8640K, reserved 1114112K
  class space    used 865K, committed 960K, reserved 1048576K
}
Event: 882.337 GC heap after
{Heap after GC invocations=964 (full 0):
 garbage-first heap   total reserved 4194304K, committed 921600K, used 234391K [0x0000000700000000, 0x0000000800000000)
  region size 2048K, 1 young (2048K), 1 survivors (2048K)
 Metaspace       used 8356K, committed 8640K, reserved 1114112K
  class space    used 865K, committed 960K, reserved 1048576K
}
Event: 885.199 GC heap before
{Heap before GC invocations=964 (full 0):
 garbage-first heap   total reserved 4194304K, committed 921600K, used 547735K [0x0000000700000000, 0x0000000800000000)
  region size 2048K, 69 young (141312K), 1 survivors (2048K)
 Metaspace       used 8356K, committed 8640K, reserved 1114112K
  class space    used 865K, committed 960K, reserved 1048576K
}
Event: 885.204 GC heap after
{Heap after GC invocations=965 (full 0):
 garbage-first heap   total reserved 4194304K, committed 921600K, used 295840K [0x0000000700000000, 0x0000000800000000)
  region size 2048K, 1 young (2048K), 1 survivors (2048K)
 Metaspace       used 8356K, committed 8640K, reserved 1114112K
  class space    used 865K, committed 960K, reserved 1048576K
}
Event: 886.125 GC heap before
{Heap before GC invocations=965 (full 0):
 garbage-first heap   total reserved 4194304K, committed 921600K, used 496544K [0x0000000700000000, 0x0000000800000000)
  region size 2048K, 44 young (90112K), 1 survivors (2048K)
 Metaspace       used 8356K, committed 8640K, reserved 1114112K
  class space    used 865K, committed 960K, reserved 1048576K
}
Event: 886.130 GC heap after
{Heap after GC invocations=966 (full 0):
 garbage-first heap   total reserved 4194304K, committed 921600K, used 234391K [0x0000000700000000, 0x0000000800000000)
  region size 2048K, 1 young (2048K), 1 survivors (2048K)
 Metaspace       used 8356K, committed 8640K, reserved 1114112K
  class space    used 865K, committed 960K, reserved 1048576K
}
Event: 887.433 GC heap before
{Heap before GC invocations=966 (full 0):
 garbage-first heap   total reserved 4194304K, committed 921600K, used 545687K [0x0000000700000000, 0x0000000800000000)
  region size 2048K, 68 young (139264K), 1 survivors (2048K)
 Metaspace       used 8356K, committed 8640K, reserved 1114112K
  class space    used 865K, committed 960K, reserved 1048576K
}
Event: 887.437 GC heap after
{Heap after GC invocations=967 (full 0):
 garbage-first heap   total reserved 4194304K, committed 921600K, used 295832K [0x0000000700000000, 0x0000000800000000)
  region size 2048K, 1 young (2048K), 1 survivors (2048K)
 Metaspace       used 8356K, committed 8640K, reserved 1114112K
  class space    used 865K, committed 960K, reserved 1048576K
}
Event: 888.176 GC heap before
{Heap before GC invocations=967 (full 0):
 garbage-first heap   total reserved 4194304K, committed 921600K, used 496536K [0x0000000700000000, 0x0000000800000000)
  region size 2048K, 44 young (90112K), 1 survivors (2048K)
 Metaspace       used 8356K, committed 8640K, reserved 1114112K
  class space    used 865K, committed 960K, reserved 1048576K
}
Event: 888.180 GC heap after
{Heap after GC invocations=968 (full 0):
 garbage-first heap   total reserved 4194304K, committed 921600K, used 234391K [0x0000000700000000, 0x0000000800000000)
  region size 2048K, 1 young (2048K), 1 survivors (2048K)
 Metaspace       used 8356K, committed 8640K, reserved 1114112K
  class space    used 865K, committed 960K, reserved 1048576K
}
Event: 889.460 GC heap before
{Heap before GC invocations=968 (full 0):
 garbage-first heap   total reserved 4194304K, committed 921600K, used 545687K [0x0000000700000000, 0x0000000800000000)
  region size 2048K, 68 young (139264K), 1 survivors (2048K)
 Metaspace       used 8356K, committed 8640K, reserved 1114112K
  class space    used 865K, committed 960K, reserved 1048576K
}
Event: 889.464 GC heap after
{Heap after GC invocations=969 (full 0):
 garbage-first heap   total reserved 4194304K, committed 921600K, used 295839K [0x0000000700000000, 0x0000000800000000)
  region size 2048K, 1 young (2048K), 1 survivors (2048K)
 Metaspace       used 8356K, committed 8640K, reserved 1114112K
  class space    used 865K, committed 960K, reserved 1048576K
}
Event: 891.136 GC heap before
{Heap before GC invocations=969 (full 0):
 garbage-first heap   total reserved 4194304K, committed 921600K, used 496543K [0x0000000700000000, 0x0000000800000000)
  region size 2048K, 44 young (90112K), 1 survivors (2048K)
 Metaspace       used 8356K, committed 8640K, reserved 1114112K
  class space    used 865K, committed 960K, reserved 1048576K
}
Event: 891.153 GC heap after
{Heap after GC invocations=970 (full 0):
 garbage-first heap   total reserved 4194304K, committed 921600K, used 234393K [0x0000000700000000, 0x0000000800000000)
  region size 2048K, 1 young (2048K), 1 survivors (2048K)
 Metaspace       used 8356K, committed 8640K, reserved 1114112K
  class space    used 865K, committed 960K, reserved 1048576K
}

