# JRE version: OpenJDK Runtime Environment Temurin-23.0.1+11 (23.0.1+11) (build 23.0.1+11)
# Java VM: OpenJDK 64-Bit Server VM Temurin-23.0.1+11 (23.0.1+11, mixed mode, sharing, tiered, compressed oops, compressed class ptrs, g1 gc, bsd-amd64)
Heap:
 garbage-first heap   total reserved 4194304K, committed 1001472K, used 458661K [0x0000000700000000, 0x0000000800000000)
  region size 2048K, 37 young (75776K), 1 survivors (2048K)
 Metaspace       used 8433K, committed 8704K, reserved 1114112K
  class space    used 866K, committed 960K, reserved 1048576K
GC Heap History (20 events):
Event: 270.970 GC heap before
{Heap before GC invocations=408 (full 0):
 garbage-first heap   total reserved 4194304K, committed 1001472K, used 570272K [0x0000000700000000, 0x0000000800000000)
  region size 2048K, 62 young (126976K), 1 survivors (2048K)
 Metaspace       used 8433K, committed 8704K, reserved 1114112K
  class space    used 866K, committed 960K, reserved 1048576K
}
Event: 270.972 GC heap after
{Heap after GC invocations=409 (full 0):
 garbage-first heap   total reserved 4194304K, committed 1001472K, used 328615K [0x0000000700000000, 0x0000000800000000)
  region size 2048K, 1 young (2048K), 1 survivors (2048K)
 Metaspace       used 8433K, committed 8704K, reserved 1114112K
  class space    used 866K, committed 960K, reserved 1048576K
}
Event: 271.597 GC heap before
{Heap before GC invocations=409 (full 0):
 garbage-first heap   total reserved 4194304K, committed 1001472K, used 535463K [0x0000000700000000, 0x0000000800000000)
  region size 2048K, 45 young (92160K), 1 survivors (2048K)
 Metaspace       used 8433K, committed 8704K, reserved 1114112K
  class space    used 866K, committed 960K, reserved 1048576K
}
Event: 271.599 GC heap after
{Heap after GC invocations=410 (full 0):
 garbage-first heap   total reserved 4194304K, committed 1001472K, used 287652K [0x0000000700000000, 0x0000000800000000)
  region size 2048K, 1 young (2048K), 1 survivors (2048K)
 Metaspace       used 8433K, committed 8704K, reserved 1114112K
  class space    used 866K, committed 960K, reserved 1048576K
}
Event: 272.434 GC heap before
{Heap before GC invocations=410 (full 0):
 garbage-first heap   total reserved 4194304K, committed 1001472K, used 570276K [0x0000000700000000, 0x0000000800000000)
  region size 2048K, 62 young (126976K), 1 survivors (2048K)
 Metaspace       used 8433K, committed 8704K, reserved 1114112K
  class space    used 866K, committed 960K, reserved 1048576K
}
Event: 272.435 GC heap after
{Heap after GC invocations=411 (full 0):
 garbage-first heap   total reserved 4194304K, committed 1001472K, used 328616K [0x0000000700000000, 0x0000000800000000)
  region size 2048K, 1 young (2048K), 1 survivors (2048K)
 Metaspace       used 8433K, committed 8704K, reserved 1114112K
  class space    used 866K, committed 960K, reserved 1048576K
}
Event: 273.049 GC heap before
{Heap before GC invocations=411 (full 0):
 garbage-first heap   total reserved 4194304K, committed 1001472K, used 535464K [0x0000000700000000, 0x0000000800000000)
  region size 2048K, 45 young (92160K), 1 survivors (2048K)
 Metaspace       used 8433K, committed 8704K, reserved 1114112K
  class space    used 866K, committed 960K, reserved 1048576K
}
Event: 273.051 GC heap after
{Heap after GC invocations=412 (full 0):
 garbage-first heap   total reserved 4194304K, committed 1001472K, used 287653K [0x0000000700000000, 0x0000000800000000)
  region size 2048K, 1 young (2048K), 1 survivors (2048K)
 Metaspace       used 8433K, committed 8704K, reserved 1114112K
  class space    used 866K, committed 960K, reserved 1048576K
}
Event: 273.858 GC heap before
{Heap before GC invocations=412 (full 0):
 garbage-first heap   total reserved 4194304K, committed 1001472K, used 570277K [0x0000000700000000, 0x0000000800000000)
  region size 2048K, 62 young (126976K), 1 survivors (2048K)
 Metaspace       used 8433K, committed 8704K, reserved 1114112K
  class space    used 866K, committed 960K, reserved 1048576K
}
Event: 273.860 GC heap after
{Heap after GC invocations=413 (full 0):
 garbage-first heap   total reserved 4194304K, committed 1001472K, used 328616K [0x0000000700000000, 0x0000000800000000)
  region size 2048K, 1 young (2048K), 1 survivors (2048K)
 Metaspace       used 8433K, committed 8704K, reserved 1114112K
  class space    used 866K, committed 960K, reserved 1048576K
}
Event: 274.475 GC heap before
{Heap before GC invocations=413 (full 0):
 garbage-first heap   total reserved 4194304K, committed 1001472K, used 537512K [0x0000000700000000, 0x0000000800000000)
  region size 2048K, 46 young (94208K), 1 survivors (2048K)
 Metaspace       used 8433K, committed 8704K, reserved 1114112K
  class space    used 866K, committed 960K, reserved 1048576K
}
Event: 274.477 GC heap after
{Heap after GC invocations=414 (full 0):
 garbage-first heap   total reserved 4194304K, committed 1001472K, used 287652K [0x0000000700000000, 0x0000000800000000)
  region size 2048K, 1 young (2048K), 1 survivors (2048K)
 Metaspace       used 8433K, committed 8704K, reserved 1114112K
  class space    used 866K, committed 960K, reserved 1048576K
}
Event: 275.299 GC heap before
{Heap before GC invocations=414 (full 0):
 garbage-first heap   total reserved 4194304K, committed 1001472K, used 570276K [0x0000000700000000, 0x0000000800000000)
  region size 2048K, 62 young (126976K), 1 survivors (2048K)
 Metaspace       used 8433K, committed 8704K, reserved 1114112K
  class space    used 866K, committed 960K, reserved 1048576K
}
Event: 275.301 GC heap after
{Heap after GC invocations=415 (full 0):
 garbage-first heap   total reserved 4194304K, committed 1001472K, used 328617K [0x0000000700000000, 0x0000000800000000)
  region size 2048K, 1 young (2048K), 1 survivors (2048K)
 Metaspace       used 8433K, committed 8704K, reserved 1114112K
  class space    used 866K, committed 960K, reserved 1048576K
}
Event: 275.942 GC heap before
{Heap before GC invocations=415 (full 0):
 garbage-first heap   total reserved 4194304K, committed 1001472K, used 537513K [0x0000000700000000, 0x0000000800000000)
  region size 2048K, 46 young (94208K), 1 survivors (2048K)
 Metaspace       used 8433K, committed 8704K, reserved 1114112K
  class space    used 866K, committed 960K, reserved 1048576K
}
Event: 275.944 GC heap after
{Heap after GC invocations=416 (full 0):
 garbage-first heap   total reserved 4194304K, committed 1001472K, used 287649K [0x0000000700000000, 0x0000000800000000)
  region size 2048K, 1 young (2048K), 1 survivors (2048K)
 Metaspace       used 8433K, committed 8704K, reserved 1114112K
  class space    used 866K, committed 960K, reserved 1048576K
}
Event: 276.763 GC heap before
{Heap before GC invocations=416 (full 0):
 garbage-first heap   total reserved 4194304K, committed 1001472K, used 568225K [0x0000000700000000, 0x0000000800000000)
  region size 2048K, 61 young (124928K), 1 survivors (2048K)
 Metaspace       used 8433K, committed 8704K, reserved 1114112K
  class space    used 866K, committed 960K, reserved 1048576K
}
Event: 276.765 GC heap after
{Heap after GC invocations=417 (full 0):
 garbage-first heap   total reserved 4194304K, committed 1001472K, used 328616K [0x0000000700000000, 0x0000000800000000)
  region size 2048K, 1 young (2048K), 1 survivors (2048K)
 Metaspace       used 8433K, committed 8704K, reserved 1114112K
  class space    used 866K, committed 960K, reserved 1048576K
}
Event: 277.376 GC heap before
{Heap before GC invocations=417 (full 0):
 garbage-first heap   total reserved 4194304K, committed 1001472K, used 537512K [0x0000000700000000, 0x0000000800000000)
  region size 2048K, 46 young (94208K), 1 survivors (2048K)
 Metaspace       used 8433K, committed 8704K, reserved 1114112K
  class space    used 866K, committed 960K, reserved 1048576K
}
Event: 277.377 GC heap after
{Heap after GC invocations=418 (full 0):
 garbage-first heap   total reserved 4194304K, committed 1001472K, used 287653K [0x0000000700000000, 0x0000000800000000)
  region size 2048K, 1 young (2048K), 1 survivors (2048K)
 Metaspace       used 8433K, committed 8704K, reserved 1114112K
  class space    used 866K, committed 960K, reserved 1048576K
}

