# JRE version: OpenJDK Runtime Environment Temurin-23.0.1+11 (23.0.1+11) (build 23.0.1+11)
# Java VM: OpenJDK 64-Bit Server VM Temurin-23.0.1+11 (23.0.1+11, mixed mode, sharing, tiered, compressed oops, compressed class ptrs, g1 gc, bsd-amd64)
Heap:
 garbage-first heap   total reserved 4194304K, committed 581632K, used 315279K [0x0000000700000000, 0x0000000800000000)
  region size 2048K, 34 young (69632K), 1 survivors (2048K)
 Metaspace       used 8284K, committed 8576K, reserved 1114112K
  class space    used 849K, committed 960K, reserved 1048576K
GC Heap History (20 events):
Event: 3213.245 GC heap before
{Heap before GC invocations=3298 (full 0):
 garbage-first heap   total reserved 4194304K, committed 581632K, used 336781K [0x0000000700000000, 0x0000000800000000)
  region size 2048K, 39 young (79872K), 1 survivors (2048K)
 Metaspace       used 8284K, committed 8576K, reserved 1114112K
  class space    used 849K, committed 960K, reserved 1048576K
}
Event: 3213.247 GC heap after
{Heap after GC invocations=3299 (full 0):
 garbage-first heap   total reserved 4194304K, committed 581632K, used 150412K [0x0000000700000000, 0x0000000800000000)
  region size 2048K, 1 young (2048K), 1 survivors (2048K)
 Metaspace       used 8284K, committed 8576K, reserved 1114112K
  class space    used 849K, committed 960K, reserved 1048576K
}
Event: 3213.831 GC heap before
{Heap before GC invocations=3299 (full 0):
 garbage-first heap   total reserved 4194304K, committed 581632K, used 342924K [0x0000000700000000, 0x0000000800000000)
  region size 2048K, 42 young (86016K), 1 survivors (2048K)
 Metaspace       used 8284K, committed 8576K, reserved 1114112K
  class space    used 849K, committed 960K, reserved 1048576K
}
Event: 3213.834 GC heap after
{Heap after GC invocations=3300 (full 0):
 garbage-first heap   total reserved 4194304K, committed 581632K, used 158601K [0x0000000700000000, 0x0000000800000000)
  region size 2048K, 1 young (2048K), 1 survivors (2048K)
 Metaspace       used 8284K, committed 8576K, reserved 1114112K
  class space    used 849K, committed 960K, reserved 1048576K
}
Event: 3214.362 GC heap before
{Heap before GC invocations=3300 (full 0):
 garbage-first heap   total reserved 4194304K, committed 581632K, used 336777K [0x0000000700000000, 0x0000000800000000)
  region size 2048K, 39 young (79872K), 1 survivors (2048K)
 Metaspace       used 8284K, committed 8576K, reserved 1114112K
  class space    used 849K, committed 960K, reserved 1048576K
}
Event: 3214.363 GC heap after
{Heap after GC invocations=3301 (full 0):
 garbage-first heap   total reserved 4194304K, committed 581632K, used 150411K [0x0000000700000000, 0x0000000800000000)
  region size 2048K, 1 young (2048K), 1 survivors (2048K)
 Metaspace       used 8284K, committed 8576K, reserved 1114112K
  class space    used 849K, committed 960K, reserved 1048576K
}
Event: 3214.915 GC heap before
{Heap before GC invocations=3301 (full 0):
 garbage-first heap   total reserved 4194304K, committed 581632K, used 344971K [0x0000000700000000, 0x0000000800000000)
  region size 2048K, 43 young (88064K), 1 survivors (2048K)
 Metaspace       used 8284K, committed 8576K, reserved 1114112K
  class space    used 849K, committed 960K, reserved 1048576K
}
Event: 3214.916 GC heap after
{Heap after GC invocations=3302 (full 0):
 garbage-first heap   total reserved 4194304K, committed 581632K, used 158606K [0x0000000700000000, 0x0000000800000000)
  region size 2048K, 1 young (2048K), 1 survivors (2048K)
 Metaspace       used 8284K, committed 8576K, reserved 1114112K
  class space    used 849K, committed 960K, reserved 1048576K
}
Event: 3215.443 GC heap before
{Heap before GC invocations=3302 (full 0):
 garbage-first heap   total reserved 4194304K, committed 581632K, used 336782K [0x0000000700000000, 0x0000000800000000)
  region size 2048K, 39 young (79872K), 1 survivors (2048K)
 Metaspace       used 8284K, committed 8576K, reserved 1114112K
  class space    used 849K, committed 960K, reserved 1048576K
}
Event: 3215.445 GC heap after
{Heap after GC invocations=3303 (full 0):
 garbage-first heap   total reserved 4194304K, committed 581632K, used 150413K [0x0000000700000000, 0x0000000800000000)
  region size 2048K, 1 young (2048K), 1 survivors (2048K)
 Metaspace       used 8284K, committed 8576K, reserved 1114112K
  class space    used 849K, committed 960K, reserved 1048576K
}
Event: 3216.017 GC heap before
{Heap before GC invocations=3303 (full 0):
 garbage-first heap   total reserved 4194304K, committed 581632K, used 342925K [0x0000000700000000, 0x0000000800000000)
  region size 2048K, 42 young (86016K), 1 survivors (2048K)
 Metaspace       used 8284K, committed 8576K, reserved 1114112K
  class space    used 849K, committed 960K, reserved 1048576K
}
Event: 3216.018 GC heap after
{Heap after GC invocations=3304 (full 0):
 garbage-first heap   total reserved 4194304K, committed 581632K, used 158603K [0x0000000700000000, 0x0000000800000000)
  region size 2048K, 1 young (2048K), 1 survivors (2048K)
 Metaspace       used 8284K, committed 8576K, reserved 1114112K
  class space    used 849K, committed 960K, reserved 1048576K
}
Event: 3216.522 GC heap before
{Heap before GC invocations=3304 (full 0):
 garbage-first heap   total reserved 4194304K, committed 581632K, used 336779K [0x0000000700000000, 0x0000000800000000)
  region size 2048K, 39 young (79872K), 1 survivors (2048K)
 Metaspace       used 8284K, committed 8576K, reserved 1114112K
  class space    used 849K, committed 960K, reserved 1048576K
}
Event: 3216.523 GC heap after
{Heap after GC invocations=3305 (full 0):
 garbage-first heap   total reserved 4194304K, committed 581632K, used 150412K [0x0000000700000000, 0x0000000800000000)
  region size 2048K, 1 young (2048K), 1 survivors (2048K)
 Metaspace       used 8284K, committed 8576K, reserved 1114112K
  class space    used 849K, committed 960K, reserved 1048576K
}
Event: 3217.088 GC heap before
{Heap before GC invocations=3305 (full 0):
 garbage-first heap   total reserved 4194304K, committed 581632K, used 342924K [0x0000000700000000, 0x0000000800000000)
  region size 2048K, 42 young (86016K), 1 survivors (2048K)
 Metaspace       used 8284K, committed 8576K, reserved 1114112K
  class space    used 849K, committed 960K, reserved 1048576K
}
Event: 3217.089 GC heap after
{Heap after GC invocations=3306 (full 0):
 garbage-first heap   total reserved 4194304K, committed 581632K, used 158606K [0x0000000700000000, 0x0000000800000000)
  region size 2048K, 1 young (2048K), 1 survivors (2048K)
 Metaspace       used 8284K, committed 8576K, reserved 1114112K
  class space    used 849K, committed 960K, reserved 1048576K
}
Event: 3217.621 GC heap before
{Heap before GC invocations=3306 (full 0):
 garbage-first heap   total reserved 4194304K, committed 581632K, used 336782K [0x0000000700000000, 0x0000000800000000)
  region size 2048K, 39 young (79872K), 1 survivors (2048K)
 Metaspace       used 8284K, committed 8576K, reserved 1114112K
  class space    used 849K, committed 960K, reserved 1048576K
}
Event: 3217.622 GC heap after
{Heap after GC invocations=3307 (full 0):
 garbage-first heap   total reserved 4194304K, committed 581632K, used 150409K [0x0000000700000000, 0x0000000800000000)
  region size 2048K, 1 young (2048K), 1 survivors (2048K)
 Metaspace       used 8284K, committed 8576K, reserved 1114112K
  class space    used 849K, committed 960K, reserved 1048576K
}
Event: 3218.187 GC heap before
{Heap before GC invocations=3307 (full 0):
 garbage-first heap   total reserved 4194304K, committed 581632K, used 342921K [0x0000000700000000, 0x0000000800000000)
  region size 2048K, 42 young (86016K), 1 survivors (2048K)
 Metaspace       used 8284K, committed 8576K, reserved 1114112K
  class space    used 849K, committed 960K, reserved 1048576K
}
Event: 3218.188 GC heap after
{Heap after GC invocations=3308 (full 0):
 garbage-first heap   total reserved 4194304K, committed 581632K, used 158607K [0x0000000700000000, 0x0000000800000000)
  region size 2048K, 1 young (2048K), 1 survivors (2048K)
 Metaspace       used 8284K, committed 8576K, reserved 1114112K
  class space    used 849K, committed 960K, reserved 1048576K
}

