# JRE version: OpenJDK Runtime Environment Temurin-23.0.1+11 (23.0.1+11) (build 23.0.1+11)
# Java VM: OpenJDK 64-Bit Server VM Temurin-23.0.1+11 (23.0.1+11, mixed mode, sharing, tiered, compressed oops, compressed class ptrs, g1 gc, bsd-amd64)
Heap:
 garbage-first heap   total reserved 4194304K, committed 825344K, used 430490K [0x0000000700000000, 0x0000000800000000)
  region size 2048K, 32 young (65536K), 1 survivors (2048K)
 Metaspace       used 8502K, committed 8768K, reserved 1114112K
  class space    used 865K, committed 960K, reserved 1048576K
GC Heap History (20 events):
Event: 3781.767 GC heap before
{Heap before GC invocations=9709 (full 0):
 garbage-first heap   total reserved 4194304K, committed 825344K, used 429466K [0x0000000700000000, 0x0000000800000000)
  region size 2048K, 32 young (65536K), 1 survivors (2048K)
 Metaspace       used 8502K, committed 8768K, reserved 1114112K
  class space    used 865K, committed 960K, reserved 1048576K
}
Event: 3781.769 GC heap after
{Heap after GC invocations=9710 (full 0):
 garbage-first heap   total reserved 4194304K, committed 825344K, used 282007K [0x0000000700000000, 0x0000000800000000)
  region size 2048K, 1 young (2048K), 1 survivors (2048K)
 Metaspace       used 8502K, committed 8768K, reserved 1114112K
  class space    used 865K, committed 960K, reserved 1048576K
}
Event: 3782.206 GC heap before
{Heap before GC invocations=9710 (full 0):
 garbage-first heap   total reserved 4194304K, committed 825344K, used 431511K [0x0000000700000000, 0x0000000800000000)
  region size 2048K, 33 young (67584K), 1 survivors (2048K)
 Metaspace       used 8502K, committed 8768K, reserved 1114112K
  class space    used 865K, committed 960K, reserved 1048576K
}
Event: 3782.207 GC heap after
{Heap after GC invocations=9711 (full 0):
 garbage-first heap   total reserved 4194304K, committed 825344K, used 286105K [0x0000000700000000, 0x0000000800000000)
  region size 2048K, 1 young (2048K), 1 survivors (2048K)
 Metaspace       used 8502K, committed 8768K, reserved 1114112K
  class space    used 865K, committed 960K, reserved 1048576K
}
Event: 3782.615 GC heap before
{Heap before GC invocations=9711 (full 0):
 garbage-first heap   total reserved 4194304K, committed 825344K, used 429465K [0x0000000700000000, 0x0000000800000000)
  region size 2048K, 32 young (65536K), 1 survivors (2048K)
 Metaspace       used 8502K, committed 8768K, reserved 1114112K
  class space    used 865K, committed 960K, reserved 1048576K
}
Event: 3782.617 GC heap after
{Heap after GC invocations=9712 (full 0):
 garbage-first heap   total reserved 4194304K, committed 825344K, used 282004K [0x0000000700000000, 0x0000000800000000)
  region size 2048K, 1 young (2048K), 1 survivors (2048K)
 Metaspace       used 8502K, committed 8768K, reserved 1114112K
  class space    used 865K, committed 960K, reserved 1048576K
}
Event: 3783.051 GC heap before
{Heap before GC invocations=9712 (full 0):
 garbage-first heap   total reserved 4194304K, committed 825344K, used 431508K [0x0000000700000000, 0x0000000800000000)
  region size 2048K, 33 young (67584K), 1 survivors (2048K)
 Metaspace       used 8502K, committed 8768K, reserved 1114112K
  class space    used 865K, committed 960K, reserved 1048576K
}
Event: 3783.052 GC heap after
{Heap after GC invocations=9713 (full 0):
 garbage-first heap   total reserved 4194304K, committed 825344K, used 286105K [0x0000000700000000, 0x0000000800000000)
  region size 2048K, 1 young (2048K), 1 survivors (2048K)
 Metaspace       used 8502K, committed 8768K, reserved 1114112K
  class space    used 865K, committed 960K, reserved 1048576K
}
Event: 3783.462 GC heap before
{Heap before GC invocations=9713 (full 0):
 garbage-first heap   total reserved 4194304K, committed 825344K, used 429465K [0x0000000700000000, 0x0000000800000000)
  region size 2048K, 32 young (65536K), 1 survivors (2048K)
 Metaspace       used 8502K, committed 8768K, reserved 1114112K
  class space    used 865K, committed 960K, reserved 1048576K
}
Event: 3783.463 GC heap after
{Heap after GC invocations=9714 (full 0):
 garbage-first heap   total reserved 4194304K, committed 825344K, used 282009K [0x0000000700000000, 0x0000000800000000)
  region size 2048K, 1 young (2048K), 1 survivors (2048K)
 Metaspace       used 8502K, committed 8768K, reserved 1114112K
  class space    used 865K, committed 960K, reserved 1048576K
}
Event: 3783.895 GC heap before
{Heap before GC invocations=9714 (full 0):
 garbage-first heap   total reserved 4194304K, committed 825344K, used 433561K [0x0000000700000000, 0x0000000800000000)
  region size 2048K, 34 young (69632K), 1 survivors (2048K)
 Metaspace       used 8502K, committed 8768K, reserved 1114112K
  class space    used 865K, committed 960K, reserved 1048576K
}
Event: 3783.896 GC heap after
{Heap after GC invocations=9715 (full 0):
 garbage-first heap   total reserved 4194304K, committed 825344K, used 286105K [0x0000000700000000, 0x0000000800000000)
  region size 2048K, 1 young (2048K), 1 survivors (2048K)
 Metaspace       used 8502K, committed 8768K, reserved 1114112K
  class space    used 865K, committed 960K, reserved 1048576K
}
Event: 3784.308 GC heap before
{Heap before GC invocations=9715 (full 0):
 garbage-first heap   total reserved 4194304K, committed 825344K, used 429465K [0x0000000700000000, 0x0000000800000000)
  region size 2048K, 32 young (65536K), 1 survivors (2048K)
 Metaspace       used 8502K, committed 8768K, reserved 1114112K
  class space    used 865K, committed 960K, reserved 1048576K
}
Event: 3784.309 GC heap after
{Heap after GC invocations=9716 (full 0):
 garbage-first heap   total reserved 4194304K, committed 825344K, used 282009K [0x0000000700000000, 0x0000000800000000)
  region size 2048K, 1 young (2048K), 1 survivors (2048K)
 Metaspace       used 8502K, committed 8768K, reserved 1114112K
  class space    used 865K, committed 960K, reserved 1048576K
}
Event: 3784.747 GC heap before
{Heap before GC invocations=9716 (full 0):
 garbage-first heap   total reserved 4194304K, committed 825344K, used 431513K [0x0000000700000000, 0x0000000800000000)
  region size 2048K, 33 young (67584K), 1 survivors (2048K)
 Metaspace       used 8502K, committed 8768K, reserved 1114112K
  class space    used 865K, committed 960K, reserved 1048576K
}
Event: 3784.748 GC heap after
{Heap after GC invocations=9717 (full 0):
 garbage-first heap   total reserved 4194304K, committed 825344K, used 286105K [0x0000000700000000, 0x0000000800000000)
  region size 2048K, 1 young (2048K), 1 survivors (2048K)
 Metaspace       used 8502K, committed 8768K, reserved 1114112K
  class space    used 865K, committed 960K, reserved 1048576K
}
Event: 3785.158 GC heap before
{Heap before GC invocations=9717 (full 0):
 garbage-first heap   total reserved 4194304K, committed 825344K, used 429465K [0x0000000700000000, 0x0000000800000000)
  region size 2048K, 32 young (65536K), 1 survivors (2048K)
 Metaspace       used 8502K, committed 8768K, reserved 1114112K
  class space    used 865K, committed 960K, reserved 1048576K
}
Event: 3785.159 GC heap after
{Heap after GC invocations=9718 (full 0):
 garbage-first heap   total reserved 4194304K, committed 825344K, used 282009K [0x0000000700000000, 0x0000000800000000)
  region size 2048K, 1 young (2048K), 1 survivors (2048K)
 Metaspace       used 8502K, committed 8768K, reserved 1114112K
  class space    used 865K, committed 960K, reserved 1048576K
}
Event: 3785.614 GC heap before
{Heap before GC invocations=9718 (full 0):
 garbage-first heap   total reserved 4194304K, committed 825344K, used 431513K [0x0000000700000000, 0x0000000800000000)
  region size 2048K, 33 young (67584K), 1 survivors (2048K)
 Metaspace       used 8502K, committed 8768K, reserved 1114112K
  class space    used 865K, committed 960K, reserved 1048576K
}
Event: 3785.616 GC heap after
{Heap after GC invocations=9719 (full 0):
 garbage-first heap   total reserved 4194304K, committed 825344K, used 286106K [0x0000000700000000, 0x0000000800000000)
  region size 2048K, 1 young (2048K), 1 survivors (2048K)
 Metaspace       used 8502K, committed 8768K, reserved 1114112K
  class space    used 865K, committed 960K, reserved 1048576K
}

