# JRE version: OpenJDK Runtime Environment Temurin-23.0.1+11 (23.0.1+11) (build 23.0.1+11)
# Java VM: OpenJDK 64-Bit Server VM Temurin-23.0.1+11 (23.0.1+11, mixed mode, sharing, tiered, compressed oops, compressed class ptrs, g1 gc, bsd-amd64)
Heap:
 garbage-first heap   total reserved 4194304K, committed 862208K, used 446369K [0x0000000700000000, 0x0000000800000000)
  region size 2048K, 43 young (88064K), 1 survivors (2048K)
 Metaspace       used 8307K, committed 8576K, reserved 1114112K
  class space    used 854K, committed 960K, reserved 1048576K
GC Heap History (20 events):
Event: 1186.463 GC heap before
{Heap before GC invocations=1518 (full 0):
 garbage-first heap   total reserved 4194304K, committed 862208K, used 492449K [0x0000000700000000, 0x0000000800000000)
  region size 2048K, 54 young (110592K), 1 survivors (2048K)
 Metaspace       used 8305K, committed 8576K, reserved 1114112K
  class space    used 854K, committed 960K, reserved 1048576K
}
Event: 1186.465 GC heap after
{Heap after GC invocations=1519 (full 0):
 garbage-first heap   total reserved 4194304K, committed 862208K, used 258982K [0x0000000700000000, 0x0000000800000000)
  region size 2048K, 1 young (2048K), 1 survivors (2048K)
 Metaspace       used 8305K, committed 8576K, reserved 1114112K
  class space    used 854K, committed 960K, reserved 1048576K
}
Event: 1187.415 GC heap before
{Heap before GC invocations=1519 (full 0):
 garbage-first heap   total reserved 4194304K, committed 862208K, used 482214K [0x0000000700000000, 0x0000000800000000)
  region size 2048K, 49 young (100352K), 1 survivors (2048K)
 Metaspace       used 8305K, committed 8576K, reserved 1114112K
  class space    used 854K, committed 960K, reserved 1048576K
}
Event: 1187.418 GC heap after
{Heap after GC invocations=1520 (full 0):
 garbage-first heap   total reserved 4194304K, committed 862208K, used 246686K [0x0000000700000000, 0x0000000800000000)
  region size 2048K, 1 young (2048K), 1 survivors (2048K)
 Metaspace       used 8305K, committed 8576K, reserved 1114112K
  class space    used 854K, committed 960K, reserved 1048576K
}
Event: 1191.560 GC heap before
{Heap before GC invocations=1520 (full 0):
 garbage-first heap   total reserved 4194304K, committed 862208K, used 492446K [0x0000000700000000, 0x0000000800000000)
  region size 2048K, 54 young (110592K), 1 survivors (2048K)
 Metaspace       used 8305K, committed 8576K, reserved 1114112K
  class space    used 854K, committed 960K, reserved 1048576K
}
Event: 1191.583 GC heap after
{Heap after GC invocations=1521 (full 0):
 garbage-first heap   total reserved 4194304K, committed 862208K, used 258975K [0x0000000700000000, 0x0000000800000000)
  region size 2048K, 1 young (2048K), 1 survivors (2048K)
 Metaspace       used 8305K, committed 8576K, reserved 1114112K
  class space    used 854K, committed 960K, reserved 1048576K
}
Event: 1193.066 GC heap before
{Heap before GC invocations=1521 (full 0):
 garbage-first heap   total reserved 4194304K, committed 862208K, used 482207K [0x0000000700000000, 0x0000000800000000)
  region size 2048K, 49 young (100352K), 1 survivors (2048K)
 Metaspace       used 8305K, committed 8576K, reserved 1114112K
  class space    used 854K, committed 960K, reserved 1048576K
}
Event: 1193.072 GC heap after
{Heap after GC invocations=1522 (full 0):
 garbage-first heap   total reserved 4194304K, committed 862208K, used 246689K [0x0000000700000000, 0x0000000800000000)
  region size 2048K, 1 young (2048K), 1 survivors (2048K)
 Metaspace       used 8305K, committed 8576K, reserved 1114112K
  class space    used 854K, committed 960K, reserved 1048576K
}
Event: 1194.161 GC heap before
{Heap before GC invocations=1522 (full 0):
 garbage-first heap   total reserved 4194304K, committed 862208K, used 492449K [0x0000000700000000, 0x0000000800000000)
  region size 2048K, 54 young (110592K), 1 survivors (2048K)
 Metaspace       used 8305K, committed 8576K, reserved 1114112K
  class space    used 854K, committed 960K, reserved 1048576K
}
Event: 1194.166 GC heap after
{Heap after GC invocations=1523 (full 0):
 garbage-first heap   total reserved 4194304K, committed 862208K, used 258979K [0x0000000700000000, 0x0000000800000000)
  region size 2048K, 1 young (2048K), 1 survivors (2048K)
 Metaspace       used 8305K, committed 8576K, reserved 1114112K
  class space    used 854K, committed 960K, reserved 1048576K
}
Event: 1195.129 GC heap before
{Heap before GC invocations=1523 (full 0):
 garbage-first heap   total reserved 4194304K, committed 862208K, used 482211K [0x0000000700000000, 0x0000000800000000)
  region size 2048K, 49 young (100352K), 1 survivors (2048K)
 Metaspace       used 8305K, committed 8576K, reserved 1114112K
  class space    used 854K, committed 960K, reserved 1048576K
}
Event: 1195.132 GC heap after
{Heap after GC invocations=1524 (full 0):
 garbage-first heap   total reserved 4194304K, committed 862208K, used 246684K [0x0000000700000000, 0x0000000800000000)
  region size 2048K, 1 young (2048K), 1 survivors (2048K)
 Metaspace       used 8305K, committed 8576K, reserved 1114112K
  class space    used 854K, committed 960K, reserved 1048576K
}
Event: 1196.073 GC heap before
{Heap before GC invocations=1524 (full 0):
 garbage-first heap   total reserved 4194304K, committed 862208K, used 492444K [0x0000000700000000, 0x0000000800000000)
  region size 2048K, 54 young (110592K), 1 survivors (2048K)
 Metaspace       used 8305K, committed 8576K, reserved 1114112K
  class space    used 854K, committed 960K, reserved 1048576K
}
Event: 1196.078 GC heap after
{Heap after GC invocations=1525 (full 0):
 garbage-first heap   total reserved 4194304K, committed 862208K, used 258979K [0x0000000700000000, 0x0000000800000000)
  region size 2048K, 1 young (2048K), 1 survivors (2048K)
 Metaspace       used 8305K, committed 8576K, reserved 1114112K
  class space    used 854K, committed 960K, reserved 1048576K
}
Event: 1196.885 GC heap before
{Heap before GC invocations=1525 (full 0):
 garbage-first heap   total reserved 4194304K, committed 862208K, used 482211K [0x0000000700000000, 0x0000000800000000)
  region size 2048K, 49 young (100352K), 1 survivors (2048K)
 Metaspace       used 8305K, committed 8576K, reserved 1114112K
  class space    used 854K, committed 960K, reserved 1048576K
}
Event: 1196.888 GC heap after
{Heap after GC invocations=1526 (full 0):
 garbage-first heap   total reserved 4194304K, committed 862208K, used 246687K [0x0000000700000000, 0x0000000800000000)
  region size 2048K, 1 young (2048K), 1 survivors (2048K)
 Metaspace       used 8305K, committed 8576K, reserved 1114112K
  class space    used 854K, committed 960K, reserved 1048576K
}
Event: 1197.789 GC heap before
{Heap before GC invocations=1526 (full 0):
 garbage-first heap   total reserved 4194304K, committed 862208K, used 492447K [0x0000000700000000, 0x0000000800000000)
  region size 2048K, 54 young (110592K), 1 survivors (2048K)
 Metaspace       used 8305K, committed 8576K, reserved 1114112K
  class space    used 854K, committed 960K, reserved 1048576K
}
Event: 1197.842 GC heap after
{Heap after GC invocations=1527 (full 0):
 garbage-first heap   total reserved 4194304K, committed 862208K, used 258974K [0x0000000700000000, 0x0000000800000000)
  region size 2048K, 1 young (2048K), 1 survivors (2048K)
 Metaspace       used 8305K, committed 8576K, reserved 1114112K
  class space    used 854K, committed 960K, reserved 1048576K
}
Event: 1199.685 GC heap before
{Heap before GC invocations=1527 (full 0):
 garbage-first heap   total reserved 4194304K, committed 862208K, used 482206K [0x0000000700000000, 0x0000000800000000)
  region size 2048K, 49 young (100352K), 1 survivors (2048K)
 Metaspace       used 8305K, committed 8576K, reserved 1114112K
  class space    used 854K, committed 960K, reserved 1048576K
}
Event: 1199.690 GC heap after
{Heap after GC invocations=1528 (full 0):
 garbage-first heap   total reserved 4194304K, committed 862208K, used 246689K [0x0000000700000000, 0x0000000800000000)
  region size 2048K, 1 young (2048K), 1 survivors (2048K)
 Metaspace       used 8305K, committed 8576K, reserved 1114112K
  class space    used 854K, committed 960K, reserved 1048576K
}

