# JRE version: OpenJDK Runtime Environment Temurin-23.0.1+11 (23.0.1+11) (build 23.0.1+11)
# Java VM: OpenJDK 64-Bit Server VM Temurin-23.0.1+11 (23.0.1+11, mixed mode, sharing, tiered, compressed oops, compressed class ptrs, g1 gc, bsd-amd64)
Heap:
 garbage-first heap   total reserved 4194304K, committed 686080K, used 434431K [0x0000000700000000, 0x0000000800000000)
  region size 2048K, 20 young (40960K), 1 survivors (2048K)
 Metaspace       used 13154K, committed 13824K, reserved 1114112K
  class space    used 1430K, committed 1728K, reserved 1048576K
GC Heap History (20 events):
Event: 313.917 GC heap before
{Heap before GC invocations=130 (full 0):
 garbage-first heap   total reserved 4194304K, committed 686080K, used 645669K [0x0000000700000000, 0x0000000800000000)
  region size 2048K, 123 young (251904K), 1 survivors (2048K)
 Metaspace       used 13152K, committed 13824K, reserved 1114112K
  class space    used 1430K, committed 1728K, reserved 1048576K
}
Event: 313.922 GC heap after
{Heap after GC invocations=131 (full 0):
 garbage-first heap   total reserved 4194304K, committed 686080K, used 396280K [0x0000000700000000, 0x0000000800000000)
  region size 2048K, 1 young (2048K), 1 survivors (2048K)
 Metaspace       used 13152K, committed 13824K, reserved 1114112K
  class space    used 1430K, committed 1728K, reserved 1048576K
}
Event: 322.561 GC heap before
{Heap before GC invocations=131 (full 0):
 garbage-first heap   total reserved 4194304K, committed 686080K, used 646136K [0x0000000700000000, 0x0000000800000000)
  region size 2048K, 123 young (251904K), 1 survivors (2048K)
 Metaspace       used 13154K, committed 13824K, reserved 1114112K
  class space    used 1430K, committed 1728K, reserved 1048576K
}
Event: 322.567 GC heap after
{Heap after GC invocations=132 (full 0):
 garbage-first heap   total reserved 4194304K, committed 686080K, used 396043K [0x0000000700000000, 0x0000000800000000)
  region size 2048K, 1 young (2048K), 1 survivors (2048K)
 Metaspace       used 13154K, committed 13824K, reserved 1114112K
  class space    used 1430K, committed 1728K, reserved 1048576K
}
Event: 331.190 GC heap before
{Heap before GC invocations=133 (full 0):
 garbage-first heap   total reserved 4194304K, committed 686080K, used 645899K [0x0000000700000000, 0x0000000800000000)
  region size 2048K, 123 young (251904K), 1 survivors (2048K)
 Metaspace       used 13154K, committed 13824K, reserved 1114112K
  class space    used 1430K, committed 1728K, reserved 1048576K
}
Event: 331.197 GC heap after
{Heap after GC invocations=134 (full 0):
 garbage-first heap   total reserved 4194304K, committed 686080K, used 395808K [0x0000000700000000, 0x0000000800000000)
  region size 2048K, 1 young (2048K), 1 survivors (2048K)
 Metaspace       used 13154K, committed 13824K, reserved 1114112K
  class space    used 1430K, committed 1728K, reserved 1048576K
}
Event: 339.799 GC heap before
{Heap before GC invocations=134 (full 0):
 garbage-first heap   total reserved 4194304K, committed 686080K, used 645664K [0x0000000700000000, 0x0000000800000000)
  region size 2048K, 123 young (251904K), 1 survivors (2048K)
 Metaspace       used 13154K, committed 13824K, reserved 1114112K
  class space    used 1430K, committed 1728K, reserved 1048576K
}
Event: 339.804 GC heap after
{Heap after GC invocations=135 (full 0):
 garbage-first heap   total reserved 4194304K, committed 686080K, used 396284K [0x0000000700000000, 0x0000000800000000)
  region size 2048K, 1 young (2048K), 1 survivors (2048K)
 Metaspace       used 13154K, committed 13824K, reserved 1114112K
  class space    used 1430K, committed 1728K, reserved 1048576K
}
Event: 348.508 GC heap before
{Heap before GC invocations=136 (full 0):
 garbage-first heap   total reserved 4194304K, committed 686080K, used 646140K [0x0000000700000000, 0x0000000800000000)
  region size 2048K, 123 young (251904K), 1 survivors (2048K)
 Metaspace       used 13154K, committed 13824K, reserved 1114112K
  class space    used 1430K, committed 1728K, reserved 1048576K
}
Event: 348.515 GC heap after
{Heap after GC invocations=137 (full 0):
 garbage-first heap   total reserved 4194304K, committed 686080K, used 395795K [0x0000000700000000, 0x0000000800000000)
  region size 2048K, 1 young (2048K), 1 survivors (2048K)
 Metaspace       used 13154K, committed 13824K, reserved 1114112K
  class space    used 1430K, committed 1728K, reserved 1048576K
}
Event: 357.216 GC heap before
{Heap before GC invocations=137 (full 0):
 garbage-first heap   total reserved 4194304K, committed 686080K, used 645651K [0x0000000700000000, 0x0000000800000000)
  region size 2048K, 123 young (251904K), 1 survivors (2048K)
 Metaspace       used 13154K, committed 13824K, reserved 1114112K
  class space    used 1430K, committed 1728K, reserved 1048576K
}
Event: 357.221 GC heap after
{Heap after GC invocations=138 (full 0):
 garbage-first heap   total reserved 4194304K, committed 686080K, used 396044K [0x0000000700000000, 0x0000000800000000)
  region size 2048K, 1 young (2048K), 1 survivors (2048K)
 Metaspace       used 13154K, committed 13824K, reserved 1114112K
  class space    used 1430K, committed 1728K, reserved 1048576K
}
Event: 365.828 GC heap before
{Heap before GC invocations=139 (full 0):
 garbage-first heap   total reserved 4194304K, committed 686080K, used 645900K [0x0000000700000000, 0x0000000800000000)
  region size 2048K, 123 young (251904K), 1 survivors (2048K)
 Metaspace       used 13154K, committed 13824K, reserved 1114112K
  class space    used 1430K, committed 1728K, reserved 1048576K
}
Event: 365.834 GC heap after
{Heap after GC invocations=140 (full 0):
 garbage-first heap   total reserved 4194304K, committed 686080K, used 395527K [0x0000000700000000, 0x0000000800000000)
  region size 2048K, 1 young (2048K), 1 survivors (2048K)
 Metaspace       used 13154K, committed 13824K, reserved 1114112K
  class space    used 1430K, committed 1728K, reserved 1048576K
}
Event: 374.447 GC heap before
{Heap before GC invocations=140 (full 0):
 garbage-first heap   total reserved 4194304K, committed 686080K, used 645383K [0x0000000700000000, 0x0000000800000000)
  region size 2048K, 123 young (251904K), 1 survivors (2048K)
 Metaspace       used 13154K, committed 13824K, reserved 1114112K
  class space    used 1430K, committed 1728K, reserved 1048576K
}
Event: 374.453 GC heap after
{Heap after GC invocations=141 (full 0):
 garbage-first heap   total reserved 4194304K, committed 686080K, used 395804K [0x0000000700000000, 0x0000000800000000)
  region size 2048K, 1 young (2048K), 1 survivors (2048K)
 Metaspace       used 13154K, committed 13824K, reserved 1114112K
  class space    used 1430K, committed 1728K, reserved 1048576K
}
Event: 383.131 GC heap before
{Heap before GC invocations=142 (full 0):
 garbage-first heap   total reserved 4194304K, committed 686080K, used 645660K [0x0000000700000000, 0x0000000800000000)
  region size 2048K, 123 young (251904K), 1 survivors (2048K)
 Metaspace       used 13154K, committed 13824K, reserved 1114112K
  class space    used 1430K, committed 1728K, reserved 1048576K
}
Event: 383.136 GC heap after
{Heap after GC invocations=143 (full 0):
 garbage-first heap   total reserved 4194304K, committed 686080K, used 396523K [0x0000000700000000, 0x0000000800000000)
  region size 2048K, 1 young (2048K), 1 survivors (2048K)
 Metaspace       used 13154K, committed 13824K, reserved 1114112K
  class space    used 1430K, committed 1728K, reserved 1048576K
}
Event: 391.808 GC heap before
{Heap before GC invocations=143 (full 0):
 garbage-first heap   total reserved 4194304K, committed 686080K, used 646379K [0x0000000700000000, 0x0000000800000000)
  region size 2048K, 123 young (251904K), 1 survivors (2048K)
 Metaspace       used 13154K, committed 13824K, reserved 1114112K
  class space    used 1430K, committed 1728K, reserved 1048576K
}
Event: 391.814 GC heap after
{Heap after GC invocations=144 (full 0):
 garbage-first heap   total reserved 4194304K, committed 686080K, used 395519K [0x0000000700000000, 0x0000000800000000)
  region size 2048K, 1 young (2048K), 1 survivors (2048K)
 Metaspace       used 13154K, committed 13824K, reserved 1114112K
  class space    used 1430K, committed 1728K, reserved 1048576K
}

