# JRE version: OpenJDK Runtime Environment Temurin-23.0.1+11 (23.0.1+11) (build 23.0.1+11)
# Java VM: OpenJDK 64-Bit Server VM Temurin-23.0.1+11 (23.0.1+11, mixed mode, sharing, tiered, compressed oops, compressed class ptrs, g1 gc, bsd-amd64)
Heap:
 garbage-first heap   total reserved 4194304K, committed 366592K, used 251205K [0x0000000700000000, 0x0000000800000000)
  region size 2048K, 18 young (36864K), 1 survivors (2048K)
 Metaspace       used 13611K, committed 14272K, reserved 1114112K
  class space    used 1468K, committed 1728K, reserved 1048576K
GC Heap History (20 events):
Event: 4039.690 GC heap before
{Heap before GC invocations=1451 (full 0):
 garbage-first heap   total reserved 4194304K, committed 366592K, used 341321K [0x0000000700000000, 0x0000000800000000)
  region size 2048K, 62 young (126976K), 1 survivors (2048K)
 Metaspace       used 13611K, committed 14272K, reserved 1114112K
  class space    used 1468K, committed 1728K, reserved 1048576K
}
Event: 4039.693 GC heap after
{Heap after GC invocations=1452 (full 0):
 garbage-first heap   total reserved 4194304K, committed 366592K, used 216389K [0x0000000700000000, 0x0000000800000000)
  region size 2048K, 1 young (2048K), 1 survivors (2048K)
 Metaspace       used 13611K, committed 14272K, reserved 1114112K
  class space    used 1468K, committed 1728K, reserved 1048576K
}
Event: 4044.159 GC heap before
{Heap before GC invocations=1452 (full 0):
 garbage-first heap   total reserved 4194304K, committed 366592K, used 341317K [0x0000000700000000, 0x0000000800000000)
  region size 2048K, 62 young (126976K), 1 survivors (2048K)
 Metaspace       used 13611K, committed 14272K, reserved 1114112K
  class space    used 1468K, committed 1728K, reserved 1048576K
}
Event: 4044.161 GC heap after
{Heap after GC invocations=1453 (full 0):
 garbage-first heap   total reserved 4194304K, committed 366592K, used 216626K [0x0000000700000000, 0x0000000800000000)
  region size 2048K, 1 young (2048K), 1 survivors (2048K)
 Metaspace       used 13611K, committed 14272K, reserved 1114112K
  class space    used 1468K, committed 1728K, reserved 1048576K
}
Event: 4048.736 GC heap before
{Heap before GC invocations=1454 (full 0):
 garbage-first heap   total reserved 4194304K, committed 366592K, used 341554K [0x0000000700000000, 0x0000000800000000)
  region size 2048K, 62 young (126976K), 1 survivors (2048K)
 Metaspace       used 13611K, committed 14272K, reserved 1114112K
  class space    used 1468K, committed 1728K, reserved 1048576K
}
Event: 4048.739 GC heap after
{Heap after GC invocations=1455 (full 0):
 garbage-first heap   total reserved 4194304K, committed 366592K, used 216630K [0x0000000700000000, 0x0000000800000000)
  region size 2048K, 1 young (2048K), 1 survivors (2048K)
 Metaspace       used 13611K, committed 14272K, reserved 1114112K
  class space    used 1468K, committed 1728K, reserved 1048576K
}
Event: 4053.138 GC heap before
{Heap before GC invocations=1455 (full 0):
 garbage-first heap   total reserved 4194304K, committed 366592K, used 341558K [0x0000000700000000, 0x0000000800000000)
  region size 2048K, 62 young (126976K), 1 survivors (2048K)
 Metaspace       used 13611K, committed 14272K, reserved 1114112K
  class space    used 1468K, committed 1728K, reserved 1048576K
}
Event: 4053.140 GC heap after
{Heap after GC invocations=1456 (full 0):
 garbage-first heap   total reserved 4194304K, committed 366592K, used 216389K [0x0000000700000000, 0x0000000800000000)
  region size 2048K, 1 young (2048K), 1 survivors (2048K)
 Metaspace       used 13611K, committed 14272K, reserved 1114112K
  class space    used 1468K, committed 1728K, reserved 1048576K
}
Event: 4057.766 GC heap before
{Heap before GC invocations=1457 (full 0):
 garbage-first heap   total reserved 4194304K, committed 366592K, used 341317K [0x0000000700000000, 0x0000000800000000)
  region size 2048K, 62 young (126976K), 1 survivors (2048K)
 Metaspace       used 13611K, committed 14272K, reserved 1114112K
  class space    used 1468K, committed 1728K, reserved 1048576K
}
Event: 4057.768 GC heap after
{Heap after GC invocations=1458 (full 0):
 garbage-first heap   total reserved 4194304K, committed 366592K, used 216628K [0x0000000700000000, 0x0000000800000000)
  region size 2048K, 1 young (2048K), 1 survivors (2048K)
 Metaspace       used 13611K, committed 14272K, reserved 1114112K
  class space    used 1468K, committed 1728K, reserved 1048576K
}
Event: 4062.152 GC heap before
{Heap before GC invocations=1458 (full 0):
 garbage-first heap   total reserved 4194304K, committed 366592K, used 341556K [0x0000000700000000, 0x0000000800000000)
  region size 2048K, 62 young (126976K), 1 survivors (2048K)
 Metaspace       used 13611K, committed 14272K, reserved 1114112K
  class space    used 1468K, committed 1728K, reserved 1048576K
}
Event: 4062.156 GC heap after
{Heap after GC invocations=1459 (full 0):
 garbage-first heap   total reserved 4194304K, committed 366592K, used 216387K [0x0000000700000000, 0x0000000800000000)
  region size 2048K, 1 young (2048K), 1 survivors (2048K)
 Metaspace       used 13611K, committed 14272K, reserved 1114112K
  class space    used 1468K, committed 1728K, reserved 1048576K
}
Event: 4066.740 GC heap before
{Heap before GC invocations=1460 (full 0):
 garbage-first heap   total reserved 4194304K, committed 366592K, used 341315K [0x0000000700000000, 0x0000000800000000)
  region size 2048K, 62 young (126976K), 1 survivors (2048K)
 Metaspace       used 13611K, committed 14272K, reserved 1114112K
  class space    used 1468K, committed 1728K, reserved 1048576K
}
Event: 4066.743 GC heap after
{Heap after GC invocations=1461 (full 0):
 garbage-first heap   total reserved 4194304K, committed 366592K, used 216875K [0x0000000700000000, 0x0000000800000000)
  region size 2048K, 1 young (2048K), 1 survivors (2048K)
 Metaspace       used 13611K, committed 14272K, reserved 1114112K
  class space    used 1468K, committed 1728K, reserved 1048576K
}
Event: 4071.210 GC heap before
{Heap before GC invocations=1461 (full 0):
 garbage-first heap   total reserved 4194304K, committed 366592K, used 341803K [0x0000000700000000, 0x0000000800000000)
  region size 2048K, 62 young (126976K), 1 survivors (2048K)
 Metaspace       used 13611K, committed 14272K, reserved 1114112K
  class space    used 1468K, committed 1728K, reserved 1048576K
}
Event: 4071.211 GC heap after
{Heap after GC invocations=1462 (full 0):
 garbage-first heap   total reserved 4194304K, committed 366592K, used 216630K [0x0000000700000000, 0x0000000800000000)
  region size 2048K, 1 young (2048K), 1 survivors (2048K)
 Metaspace       used 13611K, committed 14272K, reserved 1114112K
  class space    used 1468K, committed 1728K, reserved 1048576K
}
Event: 4075.825 GC heap before
{Heap before GC invocations=1463 (full 0):
 garbage-first heap   total reserved 4194304K, committed 366592K, used 341558K [0x0000000700000000, 0x0000000800000000)
  region size 2048K, 62 young (126976K), 1 survivors (2048K)
 Metaspace       used 13611K, committed 14272K, reserved 1114112K
  class space    used 1468K, committed 1728K, reserved 1048576K
}
Event: 4075.828 GC heap after
{Heap after GC invocations=1464 (full 0):
 garbage-first heap   total reserved 4194304K, committed 366592K, used 216875K [0x0000000700000000, 0x0000000800000000)
  region size 2048K, 1 young (2048K), 1 survivors (2048K)
 Metaspace       used 13611K, committed 14272K, reserved 1114112K
  class space    used 1468K, committed 1728K, reserved 1048576K
}
Event: 4080.337 GC heap before
{Heap before GC invocations=1464 (full 0):
 garbage-first heap   total reserved 4194304K, committed 366592K, used 341803K [0x0000000700000000, 0x0000000800000000)
  region size 2048K, 62 young (126976K), 1 survivors (2048K)
 Metaspace       used 13611K, committed 14272K, reserved 1114112K
  class space    used 1468K, committed 1728K, reserved 1048576K
}
Event: 4080.340 GC heap after
{Heap after GC invocations=1465 (full 0):
 garbage-first heap   total reserved 4194304K, committed 366592K, used 216389K [0x0000000700000000, 0x0000000800000000)
  region size 2048K, 1 young (2048K), 1 survivors (2048K)
 Metaspace       used 13611K, committed 14272K, reserved 1114112K
  class space    used 1468K, committed 1728K, reserved 1048576K
}

